<?xml version="1.0" encoding="UTF-8"?>
<testng-results ignored="0" total="1" passed="1" failed="0" skipped="0">
  <reporter-output>
  </reporter-output>
  <suite started-at="2019-02-02T20:01:43Z" name="Default suite" finished-at="2019-02-02T20:01:43Z" duration-ms="73">
    <groups>
    </groups>
    <test started-at="2019-02-02T20:01:43Z" name="Default test" finished-at="2019-02-02T20:01:43Z" duration-ms="73">
      <class name="tudelft.gettingstarted.GettingStarted">
        <test-method signature="addFiveToZero()[pri:0, instance:tudelft.gettingstarted.GettingStarted@233795b6]" started-at="2019-02-02T20:01:43Z" name="addFiveToZero" finished-at="2019-02-02T20:01:43Z" duration-ms="20" status="PASS">
          <reporter-output>
          </reporter-output>
        </test-method> <!-- addFiveToZero -->
      </class> <!-- tudelft.gettingstarted.GettingStarted -->
    </test> <!-- Default test -->
  </suite> <!-- Default suite -->
</testng-results>
